[2022-11-28T05:01:34Z] Started EB User Data
+ SLEEP_TIME=2
+ SLEEP_TIME_MAX=3600
+ true
+ curl https://elasticbeanstalk-platform-assets-us-east-1.s3.amazonaws.com/stalks/eb_docker_amazon_linux_2_1.0.2207.0_20221029050947/lib/UserDataScript.sh
  % Total    % Received % Xferd  Average Speed   Time    Time     Time  Current
                                 Dload  Upload   Total   Spent    Left  Speed
  0     0    0     0    0     0      0      0 --:--:-- --:--:-- --:--:--     0100  4627  100  4627    0     0  64013      0 --:--:-- --:--:-- --:--:-- 64263
+ RESULT=0
+ [[ 0 -ne 0 ]]
+ /bin/bash /tmp/ebbootstrap.sh 'https://cloudformation-waitcondition-us-east-1.s3.amazonaws.com/arn%3Aaws%3Acloudformation%3Aus-east-1%3A344508626519%3Astack/awseb-e-bmin35wex8-stack/8bbbc250-6ed9-11ed-9b0a-0ab858f14c8d/AWSEBInstanceLaunchWaitHandle?X-Amz-Algorithm=AWS4-HMAC-SHA256&X-Amz-Date=20221128T050022Z&X-Amz-SignedHeaders=host&X-Amz-Expires=86399&X-Amz-Credential=AKIA6L7Q4OWT2GZYHG7N%2F20221128%2Fus-east-1%2Fs3%2Faws4_request&X-Amz-Signature=0214deab121fcc90043b7237d73c40c588b5a51249448ebeea2140daef650227' arn:aws:cloudformation:us-east-1:344508626519:stack/awseb-e-bmin35wex8-stack/8bbbc250-6ed9-11ed-9b0a-0ab858f14c8d ca5b830d-7748-4d95-b603-b2cdb4a86d39 https://elasticbeanstalk-health.us-east-1.amazonaws.com '' https://elasticbeanstalk-platform-assets-us-east-1.s3.amazonaws.com/stalks/eb_docker_amazon_linux_2_1.0.2207.0_20221029050947 us-east-1
[2022-11-28T05:01:34.333Z] Started EB Bootstrapping Script.
[2022-11-28T05:01:34.347Z] Received parameters:
 TARBALLS = 
 EB_GEMS = 
 SIGNAL_URL = https://cloudformation-waitcondition-us-east-1.s3.amazonaws.com/arn%3Aaws%3Acloudformation%3Aus-east-1%3A344508626519%3Astack/awseb-e-bmin35wex8-stack/8bbbc250-6ed9-11ed-9b0a-0ab858f14c8d/AWSEBInstanceLaunchWaitHandle?X-Amz-Algorithm=AWS4-HMAC-SHA256&X-Amz-Date=20221128T050022Z&X-Amz-SignedHeaders=host&X-Amz-Expires=86399&X-Amz-Credential=AKIA6L7Q4OWT2GZYHG7N%2F20221128%2Fus-east-1%2Fs3%2Faws4_request&X-Amz-Signature=0214deab121fcc90043b7237d73c40c588b5a51249448ebeea2140daef650227
 STACK_ID = arn:aws:cloudformation:us-east-1:344508626519:stack/awseb-e-bmin35wex8-stack/8bbbc250-6ed9-11ed-9b0a-0ab858f14c8d
 REGION = us-east-1
 GUID = 
 HEALTHD_GROUP_ID = ca5b830d-7748-4d95-b603-b2cdb4a86d39
 HEALTHD_ENDPOINT = https://elasticbeanstalk-health.us-east-1.amazonaws.com
 PROXY_SERVER = 
 HEALTHD_PROXY_LOG_LOCATION = 
 PLATFORM_ASSETS_URL = https://elasticbeanstalk-platform-assets-us-east-1.s3.amazonaws.com/stalks/eb_docker_amazon_linux_2_1.0.2207.0_20221029050947
[2022-11-28T05:01:34.400Z] engine url is set to https://elasticbeanstalk-platform-assets-us-east-1.s3.amazonaws.com/stalks/eb_docker_amazon_linux_2_1.0.2207.0_20221029050947/lib/platform-engine.zip
[2022-11-28T05:01:34.436Z] first init of instance.
[2022-11-28T05:01:34.438Z] Started executing cfn_init _OnInstanceBoot.
[2022-11-28T05:01:34.455Z] Running cfn-init ConfigSet: _OnInstanceBoot.
[2022-11-28T05:01:34.477Z] Using stack-id from userdata
[2022-11-28T05:01:36.104Z] Command Returned: 
[2022-11-28T05:01:36.111Z] Completed executing cfn_init.
[2022-11-28T05:01:36.116Z] finished _OnInstanceBoot
--2022-11-28 05:01:36--  https://elasticbeanstalk-platform-assets-us-east-1.s3.amazonaws.com/stalks/eb_docker_amazon_linux_2_1.0.2207.0_20221029050947/lib/platform-engine.zip
Resolving elasticbeanstalk-platform-assets-us-east-1.s3.amazonaws.com (elasticbeanstalk-platform-assets-us-east-1.s3.amazonaws.com)... 52.217.166.177, 52.217.195.57, 52.217.201.97, ...
Connecting to elasticbeanstalk-platform-assets-us-east-1.s3.amazonaws.com (elasticbeanstalk-platform-assets-us-east-1.s3.amazonaws.com)|52.217.166.177|:443... connected.
HTTP request sent, awaiting response... 200 OK
Length: 27063820 (26M) [application/zip]
Saving to: ‘/tmp/platform-engine.zip’

     0K .......... .......... .......... .......... ..........  0% 9.08M 3s
    50K .......... .......... .......... .......... ..........  0% 9.01M 3s
   100K .......... .......... .......... .......... ..........  0%  102M 2s
   150K .......... .......... .......... .......... ..........  0% 8.49M 2s
   200K .......... .......... .......... .......... ..........  0%  106M 2s
   250K .......... .......... .......... .......... ..........  1% 81.7M 2s
   300K .......... .......... .......... .......... ..........  1%  104M 1s
   350K .......... .......... .......... .......... ..........  1% 73.4M 1s
   400K .......... .......... .......... .......... ..........  1% 95.9M 1s
   450K .......... .......... .......... .......... ..........  1% 97.5M 1s
   500K .......... .......... .......... .......... ..........  2%  104M 1s
   550K .......... .......... .......... .......... ..........  2% 78.7M 1s
   600K .......... .......... .......... .......... ..........  2% 92.7M 1s
   650K .......... .......... .......... .......... ..........  2% 57.4M 1s
   700K .......... .......... .......... .......... ..........  2% 72.6M 1s
   750K .......... .......... .......... .......... ..........  3% 50.6M 1s
   800K .......... .......... .......... .......... ..........  3% 14.9M 1s
   850K .......... .......... .......... .......... ..........  3%  106M 1s
   900K .......... .......... .......... .......... ..........  3%  117M 1s
   950K .......... .......... .......... .......... ..........  3%  110M 1s
  1000K .......... .......... .......... .......... ..........  3% 63.6M 1s
  1050K .......... .......... .......... .......... ..........  4% 77.4M 1s
  1100K .......... .......... .......... .......... ..........  4% 87.8M 1s
  1150K .......... .......... .......... .......... ..........  4% 7.09M 1s
  1200K .......... .......... .......... .......... ..........  4%  105M 1s
  1250K .......... .......... .......... .......... ..........  4% 92.6M 1s
  1300K .......... .......... .......... .......... ..........  5% 76.0M 1s
  1350K .......... .......... .......... .......... ..........  5% 68.0M 1s
  1400K .......... .......... .......... .......... ..........  5%  107M 1s
  1450K .......... .......... .......... .......... ..........  5%  107M 1s
  1500K .......... .......... .......... .......... ..........  5%  107M 1s
  1550K .......... .......... .......... .......... ..........  6%  102M 1s
  1600K .......... .......... .......... .......... ..........  6% 72.4M 1s
  1650K .......... .......... .......... .......... ..........  6% 76.3M 1s
  1700K .......... .......... .......... .......... ..........  6%  106M 1s
  1750K .......... .......... .......... .......... ..........  6%  116M 1s
  1800K .......... .......... .......... .......... ..........  6%  107M 1s
  1850K .......... .......... .......... .......... ..........  7% 71.5M 1s
  1900K .......... .......... .......... .......... ..........  7% 98.5M 1s
  1950K .......... .......... .......... .......... ..........  7% 68.5M 1s
  2000K .......... .......... .......... .......... ..........  7%  110M 1s
  2050K .......... .......... .......... .......... ..........  7%  107M 1s
  2100K .......... .......... .......... .......... ..........  8% 99.5M 1s
  2150K .......... .......... .......... .......... ..........  8% 8.16M 1s
  2200K .......... .......... .......... .......... ..........  8%  109M 1s
  2250K .......... .......... .......... .......... ..........  8% 91.4M 1s
  2300K .......... .......... .......... .......... ..........  8% 98.3M 1s
  2350K .......... .......... .......... .......... ..........  9% 93.6M 1s
  2400K .......... .......... .......... .......... ..........  9% 80.7M 1s
  2450K .......... .......... .......... .......... ..........  9% 61.9M 1s
  2500K .......... .......... .......... .......... ..........  9% 62.6M 1s
  2550K .......... .......... .......... .......... ..........  9%  116M 1s
  2600K .......... .......... .......... .......... .......... 10%  111M 1s
  2650K .......... .......... .......... .......... .......... 10%  107M 1s
  2700K .......... .......... .......... .......... .......... 10% 62.7M 1s
  2750K .......... .......... .......... .......... .......... 10% 87.9M 1s
  2800K .......... .......... .......... .......... .......... 10% 85.3M 1s
  2850K .......... .......... .......... .......... .......... 10%  103M 1s
  2900K .......... .......... .......... .......... .......... 11% 6.52M 1s
  2950K .......... .......... .......... .......... .......... 11% 98.2M 1s
  3000K .......... .......... .......... .......... .......... 11%  108M 1s
  3050K .......... .......... .......... .......... .......... 11%  101M 1s
  3100K .......... .......... .......... .......... .......... 11%  107M 1s
  3150K .......... .......... .......... .......... .......... 12%  103M 1s
  3200K .......... .......... .......... .......... .......... 12%  102M 1s
  3250K .......... .......... .......... .......... .......... 12%  101M 1s
  3300K .......... .......... .......... .......... .......... 12% 54.7M 1s
  3350K .......... .......... .......... .......... .......... 12% 70.4M 1s
  3400K .......... .......... .......... .......... .......... 13%  115M 0s
  3450K .......... .......... .......... .......... .......... 13%  122M 0s
  3500K .......... .......... .......... .......... .......... 13%  103M 0s
  3550K .......... .......... .......... .......... .......... 13% 99.2M 0s
  3600K .......... .......... .......... .......... .......... 13% 76.5M 0s
  3650K .......... .......... .......... .......... .......... 13% 75.3M 0s
  3700K .......... .......... .......... .......... .......... 14% 84.9M 0s
  3750K .......... .......... .......... .......... .......... 14% 97.4M 0s
  3800K .......... .......... .......... .......... .......... 14% 97.0M 0s
  3850K .......... .......... .......... .......... .......... 14% 79.3M 0s
  3900K .......... .......... .......... .......... .......... 14% 73.2M 0s
  3950K .......... .......... .......... .......... .......... 15% 7.38M 0s
  4000K .......... .......... .......... .......... .......... 15%  105M 0s
  4050K .......... .......... .......... .......... .......... 15% 91.4M 0s
  4100K .......... .......... .......... .......... .......... 15% 84.9M 0s
  4150K .......... .......... .......... .......... .......... 15% 73.1M 0s
  4200K .......... .......... .......... .......... .......... 16%  107M 0s
  4250K .......... .......... .......... .......... .......... 16%  110M 0s
  4300K .......... .......... .......... .......... .......... 16%  117M 0s
  4350K .......... .......... .......... .......... .......... 16% 62.8M 0s
  4400K .......... .......... .......... .......... .......... 16% 70.5M 0s
  4450K .......... .......... .......... .......... .......... 17%  102M 0s
  4500K .......... .......... .......... .......... .......... 17%  105M 0s
  4550K .......... .......... .......... .......... .......... 17%  107M 0s
  4600K .......... .......... .......... .......... .......... 17% 70.8M 0s
  4650K .......... .......... .......... .......... .......... 17% 76.4M 0s
  4700K .......... .......... .......... .......... .......... 17% 91.7M 0s
  4750K .......... .......... .......... .......... .......... 18%  104M 0s
  4800K .......... .......... .......... .......... .......... 18%  101M 0s
  4850K .......... .......... .......... .......... .......... 18%  108M 0s
  4900K .......... .......... .......... .......... .......... 18% 6.94M 0s
  4950K .......... .......... .......... .......... .......... 18%  100M 0s
  5000K .......... .......... .......... .......... .......... 19% 89.7M 0s
  5050K .......... .......... .......... .......... .......... 19%  101M 0s
  5100K .......... .......... .......... .......... .......... 19% 95.1M 0s
  5150K .......... .......... .......... .......... .......... 19% 82.9M 0s
  5200K .......... .......... .......... .......... .......... 19% 76.5M 0s
  5250K .......... .......... .......... .......... .......... 20%  105M 0s
  5300K .......... .......... .......... .......... .......... 20% 94.7M 0s
  5350K .......... .......... .......... .......... .......... 20% 93.7M 0s
  5400K .......... .......... .......... .......... .......... 20% 64.3M 0s
  5450K .......... .......... .......... .......... .......... 20% 74.5M 0s
  5500K .......... .......... .......... .......... .......... 20%  108M 0s
  5550K .......... .......... .......... .......... .......... 21%  115M 0s
  5600K .......... .......... .......... .......... .......... 21%  103M 0s
  5650K .......... .......... .......... .......... .......... 21% 67.1M 0s
  5700K .......... .......... .......... .......... .......... 21% 97.0M 0s
  5750K .......... .......... .......... .......... .......... 21% 74.8M 0s
  5800K .......... .......... .......... .......... .......... 22% 7.21M 0s
  5850K .......... .......... .......... .......... .......... 22%  101M 0s
  5900K .......... .......... .......... .......... .......... 22%  104M 0s
  5950K .......... .......... .......... .......... .......... 22% 73.1M 0s
  6000K .......... .......... .......... .......... .......... 22%  104M 0s
  6050K .......... .......... .......... .......... .......... 23% 76.7M 0s
  6100K .......... .......... .......... .......... .......... 23%  110M 0s
  6150K .......... .......... .......... .......... .......... 23%  105M 0s
  6200K .......... .......... .......... .......... .......... 23% 77.1M 0s
  6250K .......... .......... .......... .......... .......... 23% 86.2M 0s
  6300K .......... .......... .......... .......... .......... 24% 77.6M 0s
  6350K .......... .......... .......... .......... .......... 24%  110M 0s
  6400K .......... .......... .......... .......... .......... 24%  119M 0s
  6450K .......... .......... .......... .......... .......... 24% 94.3M 0s
  6500K .......... .......... .......... .......... .......... 24% 77.4M 0s
  6550K .......... .......... .......... .......... .......... 24% 97.0M 0s
  6600K .......... .......... .......... .......... .......... 25% 77.9M 0s
  6650K .......... .......... .......... .......... .......... 25% 94.6M 0s
  6700K .......... .......... .......... .......... .......... 25%  104M 0s
  6750K .......... .......... .......... .......... .......... 25% 84.2M 0s
  6800K .......... .......... .......... .......... .......... 25% 8.19M 0s
  6850K .......... .......... .......... .......... .......... 26%  115M 0s
  6900K .......... .......... .......... .......... .......... 26% 79.3M 0s
  6950K .......... .......... .......... .......... .......... 26%  106M 0s
  7000K .......... .......... .......... .......... .......... 26%  107M 0s
  7050K .......... .......... .......... .......... .......... 26% 66.0M 0s
  7100K .......... .......... .......... .......... .......... 27% 76.1M 0s
  7150K .......... .......... .......... .......... .......... 27%  104M 0s
  7200K .......... .......... .......... .......... .......... 27% 10.9M 0s
  7250K .......... .......... .......... .......... .......... 27%  113M 0s
  7300K .......... .......... .......... .......... .......... 27% 67.1M 0s
  7350K .......... .......... .......... .......... .......... 27%  107M 0s
  7400K .......... .......... .......... .......... .......... 28% 68.7M 0s
  7450K .......... .......... .......... .......... .......... 28% 97.8M 0s
  7500K .......... .......... .......... .......... .......... 28% 89.2M 0s
  7550K .......... .......... .......... .......... .......... 28% 73.0M 0s
  7600K .......... .......... .......... .......... .......... 28% 84.0M 0s
  7650K .......... .......... .......... .......... .......... 29%  107M 0s
  7700K .......... .......... .......... .......... .......... 29%  121M 0s
  7750K .......... .......... .......... .......... .......... 29% 87.1M 0s
  7800K .......... .......... .......... .......... .......... 29% 10.2M 0s
  7850K .......... .......... .......... .......... .......... 29%  109M 0s
  7900K .......... .......... .......... .......... .......... 30% 90.7M 0s
  7950K .......... .......... .......... .......... .......... 30%  107M 0s
  8000K .......... .......... .......... .......... .......... 30% 41.8M 0s
  8050K .......... .......... .......... .......... .......... 30% 10.7M 0s
  8100K .......... .......... .......... .......... .......... 30%  113M 0s
  8150K .......... .......... .......... .......... .......... 31%  107M 0s
  8200K .......... .......... .......... .......... .......... 31% 67.6M 0s
  8250K .......... .......... .......... .......... .......... 31% 81.4M 0s
  8300K .......... .......... .......... .......... .......... 31% 91.6M 0s
  8350K .......... .......... .......... .......... .......... 31%  108M 0s
  8400K .......... .......... .......... .......... .......... 31%  105M 0s
  8450K .......... .......... .......... .......... .......... 32% 86.6M 0s
  8500K .......... .......... .......... .......... .......... 32% 79.8M 0s
  8550K .......... .......... .......... .......... .......... 32%  120M 0s
  8600K .......... .......... .......... .......... .......... 32% 73.4M 0s
  8650K .......... .......... .......... .......... .......... 32% 11.5M 0s
  8700K .......... .......... .......... .......... .......... 33% 99.0M 0s
  8750K .......... .......... .......... .......... .......... 33%  104M 0s
  8800K .......... .......... .......... .......... .......... 33% 67.2M 0s
  8850K .......... .......... .......... .......... .......... 33% 75.9M 0s
  8900K .......... .......... .......... .......... .......... 33%  106M 0s
  8950K .......... .......... .......... .......... .......... 34%  114M 0s
  9000K .......... .......... .......... .......... .......... 34%  100M 0s
  9050K .......... .......... .......... .......... .......... 34% 72.5M 0s
  9100K .......... .......... .......... .......... .......... 34%  109M 0s
  9150K .......... .......... .......... .......... .......... 34% 78.8M 0s
  9200K .......... .......... .......... .......... .......... 34% 10.5M 0s
  9250K .......... .......... .......... .......... .......... 35%  105M 0s
  9300K .......... .......... .......... .......... .......... 35%  107M 0s
  9350K .......... .......... .......... .......... .......... 35% 73.0M 0s
  9400K .......... .......... .......... .......... .......... 35% 89.9M 0s
  9450K .......... .......... .......... .......... .......... 35% 94.9M 0s
  9500K .......... .......... .......... .......... .......... 36%  105M 0s
  9550K .......... .......... .......... .......... .......... 36%  104M 0s
  9600K .......... .......... .......... .......... .......... 36% 72.4M 0s
  9650K .......... .......... .......... .......... .......... 36% 96.5M 0s
  9700K .......... .......... .......... .......... .......... 36% 73.8M 0s
  9750K .......... .......... .......... .......... .......... 37% 10.2M 0s
  9800K .......... .......... .......... .......... .......... 37%  107M 0s
  9850K .......... .......... .......... .......... .......... 37%  104M 0s
  9900K .......... .......... .......... .......... .......... 37%  105M 0s
  9950K .......... .......... .......... .......... .......... 37% 67.6M 0s
 10000K .......... .......... .......... .......... .......... 38% 86.2M 0s
 10050K .......... .......... .......... .......... .......... 38% 76.8M 0s
 10100K .......... .......... .......... .......... .......... 38%  103M 0s
 10150K .......... .......... .......... .......... .......... 38%  104M 0s
 10200K .......... .......... .......... .......... .......... 38% 76.6M 0s
 10250K .......... .......... .......... .......... .......... 38%  102M 0s
 10300K .......... .......... .......... .......... .......... 39% 86.6M 0s
 10350K .......... .......... .......... .......... .......... 39%  104M 0s
 10400K .......... .......... .......... .......... .......... 39% 5.54M 0s
 10450K .......... .......... .......... .......... .......... 39%  104M 0s
 10500K .......... .......... .......... .......... .......... 39%  102M 0s
 10550K .......... .......... .......... .......... .......... 40%  106M 0s
 10600K .......... .......... .......... .......... .......... 40% 66.0M 0s
 10650K .......... .......... .......... .......... .......... 40% 89.5M 0s
 10700K .......... .......... .......... .......... .......... 40% 94.3M 0s
 10750K .......... .......... .......... .......... .......... 40% 99.3M 0s
 10800K .......... .......... .......... .......... .......... 41% 80.0M 0s
 10850K .......... .......... .......... .......... .......... 41% 69.0M 0s
 10900K .......... .......... .......... .......... .......... 41% 90.4M 0s
 10950K .......... .......... .......... .......... .......... 41%  103M 0s
 11000K .......... .......... .......... .......... .......... 41%  106M 0s
 11050K .......... .......... .......... .......... .......... 41% 75.6M 0s
 11100K .......... .......... .......... .......... .......... 42%  113M 0s
 11150K .......... .......... .......... .......... .......... 42% 83.0M 0s
 11200K .......... .......... .......... .......... .......... 42%  106M 0s
 11250K .......... .......... .......... .......... .......... 42%  108M 0s
 11300K .......... .......... .......... .......... .......... 42% 70.5M 0s
 11350K .......... .......... .......... .......... .......... 43% 94.4M 0s
 11400K .......... .......... .......... .......... .......... 43% 80.4M 0s
 11450K .......... .......... .......... .......... .......... 43%  106M 0s
 11500K .......... .......... .......... .......... .......... 43%  111M 0s
 11550K .......... .......... .......... .......... .......... 43%  106M 0s
 11600K .......... .......... .......... .......... .......... 44% 5.14M 0s
 11650K .......... .......... .......... .......... .......... 44%  108M 0s
 11700K .......... .......... .......... .......... .......... 44%  107M 0s
 11750K .......... .......... .......... .......... .......... 44%  106M 0s
 11800K .......... .......... .......... .......... .......... 44% 71.9M 0s
 11850K .......... .......... .......... .......... .......... 45% 89.9M 0s
 11900K .......... .......... .......... .......... .......... 45% 84.1M 0s
 11950K .......... .......... .......... .......... .......... 45%  125M 0s
 12000K .......... .......... .......... .......... .......... 45%  106M 0s
 12050K .......... .......... .......... .......... .......... 45%  111M 0s
 12100K .......... .......... .......... .......... .......... 45% 67.2M 0s
 12150K .......... .......... .......... .......... .......... 46% 92.7M 0s
 12200K .......... .......... .......... .......... .......... 46% 88.7M 0s
 12250K .......... .......... .......... .......... .......... 46%  102M 0s
 12300K .......... .......... .......... .......... .......... 46%  110M 0s
 12350K .......... .......... .......... .......... .......... 46% 86.2M 0s
 12400K .......... .......... .......... .......... .......... 47% 94.0M 0s
 12450K .......... .......... .......... .......... .......... 47% 73.7M 0s
 12500K .......... .......... .......... .......... .......... 47% 88.4M 0s
 12550K .......... .......... .......... .......... .......... 47% 96.7M 0s
 12600K .......... .......... .......... .......... .......... 47% 98.2M 0s
 12650K .......... .......... .......... .......... .......... 48% 93.2M 0s
 12700K .......... .......... .......... .......... .......... 48% 84.0M 0s
 12750K .......... .......... .......... .......... .......... 48% 89.7M 0s
 12800K .......... .......... .......... .......... .......... 48%  106M 0s
 12850K .......... .......... .......... .......... .......... 48% 86.4M 0s
 12900K .......... .......... .......... .......... .......... 48%  105M 0s
 12950K .......... .......... .......... .......... .......... 49% 10.1M 0s
 13000K .......... .......... .......... .......... .......... 49%  105M 0s
 13050K .......... .......... .......... .......... .......... 49%  100M 0s
 13100K .......... .......... .......... .......... .......... 49%  101M 0s
 13150K .......... .......... .......... .......... .......... 49% 64.4M 0s
 13200K .......... .......... .......... .......... .......... 50% 81.1M 0s
 13250K .......... .......... .......... .......... .......... 50%  106M 0s
 13300K .......... .......... .......... .......... .......... 50% 97.2M 0s
 13350K .......... .......... .......... .......... .......... 50%  107M 0s
 13400K .......... .......... .......... .......... .......... 50% 67.1M 0s
 13450K .......... .......... .......... .......... .......... 51% 95.8M 0s
 13500K .......... .......... .......... .......... .......... 51% 12.3M 0s
 13550K .......... .......... .......... .......... .......... 51%  108M 0s
 13600K .......... .......... .......... .......... .......... 51%  115M 0s
 13650K .......... .......... .......... .......... .......... 51%  115M 0s
 13700K .......... .......... .......... .......... .......... 52% 91.8M 0s
 13750K .......... .......... .......... .......... .......... 52% 76.7M 0s
 13800K .......... .......... .......... .......... .......... 52% 68.1M 0s
 13850K .......... .......... .......... .......... .......... 52%  107M 0s
 13900K .......... .......... .......... .......... .......... 52%  105M 0s
 13950K .......... .......... .......... .......... .......... 52% 85.4M 0s
 14000K .......... .......... .......... .......... .......... 53% 60.4M 0s
 14050K .......... .......... .......... .......... .......... 53% 11.2M 0s
 14100K .......... .......... .......... .......... .......... 53%  101M 0s
 14150K .......... .......... .......... .......... .......... 53%  103M 0s
 14200K .......... .......... .......... .......... .......... 53%  106M 0s
 14250K .......... .......... .......... .......... .......... 54% 11.0M 0s
 14300K .......... .......... .......... .......... .......... 54%  107M 0s
 14350K .......... .......... .......... .......... .......... 54%  108M 0s
 14400K .......... .......... .......... .......... .......... 54%  105M 0s
 14450K .......... .......... .......... .......... .......... 54%  114M 0s
 14500K .......... .......... .......... .......... .......... 55% 74.0M 0s
 14550K .......... .......... .......... .......... .......... 55% 77.3M 0s
 14600K .......... .......... .......... .......... .......... 55% 94.4M 0s
 14650K .......... .......... .......... .......... .......... 55%  106M 0s
 14700K .......... .......... .......... .......... .......... 55%  108M 0s
 14750K .......... .......... .......... .......... .......... 55% 68.6M 0s
 14800K .......... .......... .......... .......... .......... 56% 11.4M 0s
 14850K .......... .......... .......... .......... .......... 56%  105M 0s
 14900K .......... .......... .......... .......... .......... 56%  113M 0s
 14950K .......... .......... .......... .......... .......... 56%  102M 0s
 15000K .......... .......... .......... .......... .......... 56% 10.4M 0s
 15050K .......... .......... .......... .......... .......... 57%  108M 0s
 15100K .......... .......... .......... .......... .......... 57%  103M 0s
 15150K .......... .......... .......... .......... .......... 57%  109M 0s
 15200K .......... .......... .......... .......... .......... 57% 70.5M 0s
 15250K .......... .......... .......... .......... .......... 57% 77.3M 0s
 15300K .......... .......... .......... .......... .......... 58%  109M 0s
 15350K .......... .......... .......... .......... .......... 58%  113M 0s
 15400K .......... .......... .......... .......... .......... 58%  107M 0s
 15450K .......... .......... .......... .......... .......... 58% 67.1M 0s
 15500K .......... .......... .......... .......... .......... 58% 73.0M 0s
 15550K .......... .......... .......... .......... .......... 59% 12.2M 0s
 15600K .......... .......... .......... .......... .......... 59%  102M 0s
 15650K .......... .......... .......... .......... .......... 59% 95.6M 0s
 15700K .......... .......... .......... .......... .......... 59% 71.4M 0s
 15750K .......... .......... .......... .......... .......... 59% 6.62M 0s
 15800K .......... .......... .......... .......... .......... 59%  103M 0s
 15850K .......... .......... .......... .......... .......... 60%  100M 0s
 15900K .......... .......... .......... .......... .......... 60%  101M 0s
 15950K .......... .......... .......... .......... .......... 60% 82.8M 0s
 16000K .......... .......... .......... .......... .......... 60% 69.6M 0s
 16050K .......... .......... .......... .......... .......... 60% 69.4M 0s
 16100K .......... .......... .......... .......... .......... 61%  106M 0s
 16150K .......... .......... .......... .......... .......... 61%  109M 0s
 16200K .......... .......... .......... .......... .......... 61%  110M 0s
 16250K .......... .......... .......... .......... .......... 61%  107M 0s
 16300K .......... .......... .......... .......... .......... 61% 68.6M 0s
 16350K .......... .......... .......... .......... .......... 62% 84.2M 0s
 16400K .......... .......... .......... .......... .......... 62% 90.8M 0s
 16450K .......... .......... .......... .......... .......... 62%  103M 0s
 16500K .......... .......... .......... .......... .......... 62%  107M 0s
 16550K .......... .......... .......... .......... .......... 62% 62.8M 0s
 16600K .......... .......... .......... .......... .......... 62% 80.1M 0s
 16650K .......... .......... .......... .......... .......... 63% 58.7M 0s
 16700K .......... .......... .......... .......... .......... 63% 9.56M 0s
 16750K .......... .......... .......... .......... .......... 63%  104M 0s
 16800K .......... .......... .......... .......... .......... 63%  108M 0s
 16850K .......... .......... .......... .......... .......... 63% 60.7M 0s
 16900K .......... .......... .......... .......... .......... 64% 98.5M 0s
 16950K .......... .......... .......... .......... .......... 64% 91.3M 0s
 17000K .......... .......... .......... .......... .......... 64%  115M 0s
 17050K .......... .......... .......... .......... .......... 64% 99.3M 0s
 17100K .......... .......... .......... .......... .......... 64% 70.2M 0s
 17150K .......... .......... .......... .......... .......... 65% 84.8M 0s
 17200K .......... .......... .......... .......... .......... 65%  103M 0s
 17250K .......... .......... .......... .......... .......... 65%  105M 0s
 17300K .......... .......... .......... .......... .......... 65% 98.4M 0s
 17350K .......... .......... .......... .......... .......... 65% 67.6M 0s
 17400K .......... .......... .......... .......... .......... 66% 8.15M 0s
 17450K .......... .......... .......... .......... .......... 66%  112M 0s
 17500K .......... .......... .......... .......... .......... 66%  104M 0s
 17550K .......... .......... .......... .......... .......... 66%  105M 0s
 17600K .......... .......... .......... .......... .......... 66% 64.5M 0s
 17650K .......... .......... .......... .......... .......... 66% 96.1M 0s
 17700K .......... .......... .......... .......... .......... 67% 10.9M 0s
 17750K .......... .......... .......... .......... .......... 67%  103M 0s
 17800K .......... .......... .......... .......... .......... 67% 98.3M 0s
 17850K .......... .......... .......... .......... .......... 67% 81.5M 0s
 17900K .......... .......... .......... .......... .......... 67% 11.6M 0s
 17950K .......... .......... .......... .......... .......... 68% 93.3M 0s
 18000K .......... .......... .......... .......... .......... 68% 91.4M 0s
 18050K .......... .......... .......... .......... .......... 68%  104M 0s
 18100K .......... .......... .......... .......... .......... 68%  106M 0s
 18150K .......... .......... .......... .......... .......... 68% 67.3M 0s
 18200K .......... .......... .......... .......... .......... 69% 90.2M 0s
 18250K .......... .......... .......... .......... .......... 69% 78.2M 0s
 18300K .......... .......... .......... .......... .......... 69%  121M 0s
 18350K .......... .......... .......... .......... .......... 69%  103M 0s
 18400K .......... .......... .......... .......... .......... 69% 9.33M 0s
 18450K .......... .......... .......... .......... .......... 69%  102M 0s
 18500K .......... .......... .......... .......... .......... 70% 84.6M 0s
 18550K .......... .......... .......... .......... .......... 70% 97.2M 0s
 18600K .......... .......... .......... .......... .......... 70%  102M 0s
 18650K .......... .......... .......... .......... .......... 70%  108M 0s
 18700K .......... .......... .......... .......... .......... 70% 10.0M 0s
 18750K .......... .......... .......... .......... .......... 71%  115M 0s
 18800K .......... .......... .......... .......... .......... 71% 84.6M 0s
 18850K .......... .......... .......... .......... .......... 71%  107M 0s
 18900K .......... .......... .......... .......... .......... 71% 95.5M 0s
 18950K .......... .......... .......... .......... .......... 71%  107M 0s
 19000K .......... .......... .......... .......... .......... 72% 60.3M 0s
 19050K .......... .......... .......... .......... .......... 72% 89.0M 0s
 19100K .......... .......... .......... .......... .......... 72% 82.2M 0s
 19150K .......... .......... .......... .......... .......... 72%  122M 0s
 19200K .......... .......... .......... .......... .......... 72%  107M 0s
 19250K .......... .......... .......... .......... .......... 73%  103M 0s
 19300K .......... .......... .......... .......... .......... 73% 85.9M 0s
 19350K .......... .......... .......... .......... .......... 73% 10.4M 0s
 19400K .......... .......... .......... .......... .......... 73% 90.9M 0s
 19450K .......... .......... .......... .......... .......... 73% 94.3M 0s
 19500K .......... .......... .......... .......... .......... 73%  104M 0s
 19550K .......... .......... .......... .......... .......... 74%  108M 0s
 19600K .......... .......... .......... .......... .......... 74% 63.4M 0s
 19650K .......... .......... .......... .......... .......... 74% 94.0M 0s
 19700K .......... .......... .......... .......... .......... 74% 92.1M 0s
 19750K .......... .......... .......... .......... .......... 74%  105M 0s
 19800K .......... .......... .......... .......... .......... 75% 99.2M 0s
 19850K .......... .......... .......... .......... .......... 75% 89.7M 0s
 19900K .......... .......... .......... .......... .......... 75% 68.1M 0s
 19950K .......... .......... .......... .......... .......... 75% 9.54M 0s
 20000K .......... .......... .......... .......... .......... 75%  120M 0s
 20050K .......... .......... .......... .......... .......... 76%  105M 0s
 20100K .......... .......... .......... .......... .......... 76%  103M 0s
 20150K .......... .......... .......... .......... .......... 76%  102M 0s
 20200K .......... .......... .......... .......... .......... 76% 10.8M 0s
 20250K .......... .......... .......... .......... .......... 76% 99.6M 0s
 20300K .......... .......... .......... .......... .......... 76%  105M 0s
 20350K .......... .......... .......... .......... .......... 77%  101M 0s
 20400K .......... .......... .......... .......... .......... 77%  118M 0s
 20450K .......... .......... .......... .......... .......... 77% 8.21M 0s
 20500K .......... .......... .......... .......... .......... 77%  106M 0s
 20550K .......... .......... .......... .......... .......... 77% 92.6M 0s
 20600K .......... .......... .......... .......... .......... 78% 99.6M 0s
 20650K .......... .......... .......... .......... .......... 78%  101M 0s
 20700K .......... .......... .......... .......... .......... 78% 67.1M 0s
 20750K .......... .......... .......... .......... .......... 78% 83.8M 0s
 20800K .......... .......... .......... .......... .......... 78%  107M 0s
 20850K .......... .......... .......... .......... .......... 79%  117M 0s
 20900K .......... .......... .......... .......... .......... 79%  105M 0s
 20950K .......... .......... .......... .......... .......... 79% 66.9M 0s
 21000K .......... .......... .......... .......... .......... 79% 94.0M 0s
 21050K .......... .......... .......... .......... .......... 79% 88.4M 0s
 21100K .......... .......... .......... .......... .......... 80% 70.4M 0s
 21150K .......... .......... .......... .......... .......... 80% 79.9M 0s
 21200K .......... .......... .......... .......... .......... 80%  109M 0s
 21250K .......... .......... .......... .......... .......... 80%  117M 0s
 21300K .......... .......... .......... .......... .......... 80% 10.9M 0s
 21350K .......... .......... .......... .......... .......... 80% 98.4M 0s
 21400K .......... .......... .......... .......... .......... 81%  108M 0s
 21450K .......... .......... .......... .......... .......... 81%  101M 0s
 21500K .......... .......... .......... .......... .......... 81% 10.5M 0s
 21550K .......... .......... .......... .......... .......... 81% 98.0M 0s
 21600K .......... .......... .......... .......... .......... 81% 92.3M 0s
 21650K .......... .......... .......... .......... .......... 82%  103M 0s
 21700K .......... .......... .......... .......... .......... 82%  122M 0s
 21750K .......... .......... .......... .......... .......... 82% 64.2M 0s
 21800K .......... .......... .......... .......... .......... 82% 90.5M 0s
 21850K .......... .......... .......... .......... .......... 82% 90.9M 0s
 21900K .......... .......... .......... .......... .......... 83%  109M 0s
 21950K .......... .......... .......... .......... .......... 83%  104M 0s
 22000K .......... .......... .......... .......... .......... 83% 86.4M 0s
 22050K .......... .......... .......... .......... .......... 83% 84.7M 0s
 22100K .......... .......... .......... .......... .......... 83% 75.4M 0s
 22150K .......... .......... .......... .......... .......... 83% 11.0M 0s
 22200K .......... .......... .......... .......... .......... 84% 99.5M 0s
 22250K .......... .......... .......... .......... .......... 84%  106M 0s
 22300K .......... .......... .......... .......... .......... 84% 64.9M 0s
 22350K .......... .......... .......... .......... .......... 84% 91.4M 0s
 22400K .......... .......... .......... .......... .......... 84% 75.9M 0s
 22450K .......... .......... .......... .......... .......... 85%  102M 0s
 22500K .......... .......... .......... .......... .......... 85% 98.2M 0s
 22550K .......... .......... .......... .......... .......... 85%  110M 0s
 22600K .......... .......... .......... .......... .......... 85% 69.3M 0s
 22650K .......... .......... .......... .......... .......... 85% 8.87M 0s
 22700K .......... .......... .......... .......... .......... 86%  104M 0s
 22750K .......... .......... .......... .......... .......... 86% 99.1M 0s
 22800K .......... .......... .......... .......... .......... 86% 99.2M 0s
 22850K .......... .......... .......... .......... .......... 86%  101M 0s
 22900K .......... .......... .......... .......... .......... 86% 63.2M 0s
 22950K .......... .......... .......... .......... .......... 87% 92.5M 0s
 23000K .......... .......... .......... .......... .......... 87% 96.9M 0s
 23050K .......... .......... .......... .......... .......... 87%  107M 0s
 23100K .......... .......... .......... .......... .......... 87%  105M 0s
 23150K .......... .......... .......... .......... .......... 87% 70.9M 0s
 23200K .......... .......... .......... .......... .......... 87% 80.0M 0s
 23250K .......... .......... .......... .......... .......... 88% 82.3M 0s
 23300K .......... .......... .......... .......... .......... 88%  105M 0s
 23350K .......... .......... .......... .......... .......... 88%  105M 0s
 23400K .......... .......... .......... .......... .......... 88%  113M 0s
 23450K .......... .......... .......... .......... .......... 88% 8.76M 0s
 23500K .......... .......... .......... .......... .......... 89%  103M 0s
 23550K .......... .......... .......... .......... .......... 89%  103M 0s
 23600K .......... .......... .......... .......... .......... 89%  103M 0s
 23650K .......... .......... .......... .......... .......... 89% 65.5M 0s
 23700K .......... .......... .......... .......... .......... 89% 97.9M 0s
 23750K .......... .......... .......... .......... .......... 90% 74.1M 0s
 23800K .......... .......... .......... .......... .......... 90%  106M 0s
 23850K .......... .......... .......... .......... .......... 90%  118M 0s
 23900K .......... .......... .......... .......... .......... 90% 97.6M 0s
 23950K .......... .......... .......... .......... .......... 90% 67.7M 0s
 24000K .......... .......... .......... .......... .......... 90%  106M 0s
 24050K .......... .......... .......... .......... .......... 91% 71.2M 0s
 24100K .......... .......... .......... .......... .......... 91% 94.5M 0s
 24150K .......... .......... .......... .......... .......... 91% 9.77M 0s
 24200K .......... .......... .......... .......... .......... 91% 99.9M 0s
 24250K .......... .......... .......... .......... .......... 91%  104M 0s
 24300K .......... .......... .......... .......... .......... 92% 71.7M 0s
 24350K .......... .......... .......... .......... .......... 92% 92.0M 0s
 24400K .......... .......... .......... .......... .......... 92% 71.6M 0s
 24450K .......... .......... .......... .......... .......... 92% 96.5M 0s
 24500K .......... .......... .......... .......... .......... 92% 79.9M 0s
 24550K .......... .......... .......... .......... .......... 93%  106M 0s
 24600K .......... .......... .......... .......... .......... 93%  105M 0s
 24650K .......... .......... .......... .......... .......... 93% 82.3M 0s
 24700K .......... .......... .......... .......... .......... 93% 88.9M 0s
 24750K .......... .......... .......... .......... .......... 93% 80.1M 0s
 24800K .......... .......... .......... .......... .......... 94% 9.48M 0s
 24850K .......... .......... .......... .......... .......... 94%  107M 0s
 24900K .......... .......... .......... .......... .......... 94%  106M 0s
 24950K .......... .......... .......... .......... .......... 94% 77.8M 0s
 25000K .......... .......... .......... .......... .......... 94% 8.14M 0s
 25050K .......... .......... .......... .......... .......... 94% 98.7M 0s
 25100K .......... .......... .......... .......... .......... 95%  122M 0s
 25150K .......... .......... .......... .......... .......... 95%  108M 0s
 25200K .......... .......... .......... .......... .......... 95% 99.7M 0s
 25250K .......... .......... .......... .......... .......... 95% 79.8M 0s
 25300K .......... .......... .......... .......... .......... 95% 86.5M 0s
 25350K .......... .......... .......... .......... .......... 96% 9.35M 0s
 25400K .......... .......... .......... .......... .......... 96% 98.1M 0s
 25450K .......... .......... .......... .......... .......... 96%  103M 0s
 25500K .......... .......... .......... .......... .......... 96%  110M 0s
 25550K .......... .......... .......... .......... .......... 96%  124M 0s
 25600K .......... .......... .......... .......... .......... 97%  102M 0s
 25650K .......... .......... .......... .......... .......... 97%  105M 0s
 25700K .......... .......... .......... .......... .......... 97%  106M 0s
 25750K .......... .......... .......... .......... .......... 97%  104M 0s
 25800K .......... .......... .......... .......... .......... 97% 97.8M 0s
 25850K .......... .......... .......... .......... .......... 97%  107M 0s
 25900K .......... .......... .......... .......... .......... 98%  105M 0s
 25950K .......... .......... .......... .......... .......... 98%  116M 0s
 26000K .......... .......... .......... .......... .......... 98%  109M 0s
 26050K .......... .......... .......... .......... .......... 98%  106M 0s
 26100K .......... .......... .......... .......... .......... 98%  106M 0s
 26150K .......... .......... .......... .......... .......... 99% 11.3M 0s
 26200K .......... .......... .......... .......... .......... 99% 99.8M 0s
 26250K .......... .......... .......... .......... .......... 99% 99.3M 0s
 26300K .......... .......... .......... .......... .......... 99%  104M 0s
 26350K .......... .......... .......... .......... .......... 99%  118M 0s
 26400K .......... .......... .........                       100%  108M=0.5s

2022-11-28 05:01:36 (50.7 MB/s) - ‘/tmp/platform-engine.zip’ saved [27063820/27063820]

Archive:  /tmp/platform-engine.zip
  inflating: /opt/elasticbeanstalk/bin/platform-engine  
  inflating: /opt/elasticbeanstalk/bin/publishlogs  
  inflating: /opt/elasticbeanstalk/bin/get-config  
  inflating: /opt/elasticbeanstalk/bin/pkg-repo  
  inflating: /opt/elasticbeanstalk/bin/ebdockerstart  
  inflating: /opt/elasticbeanstalk/config/private/aws-eb-command-handler.conf  
  inflating: /opt/elasticbeanstalk/config/private/aws-eb.target  
  inflating: /opt/elasticbeanstalk/config/private/beanstalk-magic  
  inflating: /opt/elasticbeanstalk/config/private/cfn-hup-wrapper  
  inflating: /opt/elasticbeanstalk/config/private/cfn-hup.conf.template  
  inflating: /opt/elasticbeanstalk/config/private/containercommandsupport/container-defaults.sh  
  inflating: /opt/elasticbeanstalk/config/private/containercommandsupport/leader-test.sh  
  inflating: /opt/elasticbeanstalk/config/private/eb-banner  
  inflating: /opt/elasticbeanstalk/config/private/guidlocking/repo.py  
  inflating: /opt/elasticbeanstalk/config/private/healthd/config.yaml.template  
  inflating: /opt/elasticbeanstalk/config/private/healthd/healthd_httpd.conf  
  inflating: /opt/elasticbeanstalk/config/private/healthd/healthd_logformat.conf  
  inflating: /opt/elasticbeanstalk/config/private/healthd/healthd_nginx.conf  
  inflating: /opt/elasticbeanstalk/config/private/healthd/healthddependency  
  inflating: /opt/elasticbeanstalk/config/private/healthd/logcleanup-cron.template  
  inflating: /opt/elasticbeanstalk/config/private/httpd/applicationport.conf.template  
  inflating: /opt/elasticbeanstalk/config/private/httpd/gzip.conf  
  inflating: /opt/elasticbeanstalk/config/private/httpd/httpd.conf.template  
  inflating: /opt/elasticbeanstalk/config/private/httpd/staticfilesmapping.conf.template  
  inflating: /opt/elasticbeanstalk/config/private/logrotate/logrotate-cron.template  
  inflating: /opt/elasticbeanstalk/config/private/logrotate/logrotate.template  
  inflating: /opt/elasticbeanstalk/config/private/logtasks/cron/publishlogs  
  inflating: /opt/elasticbeanstalk/config/private/nginx/applicationport.conf.template  
  inflating: /opt/elasticbeanstalk/config/private/nginx/nginx.conf.template  
  inflating: /opt/elasticbeanstalk/config/private/nginx/staticfilesmapping.conf.template  
  inflating: /opt/elasticbeanstalk/config/private/nginx/elasticbeanstalk-nginx-docker-upstream.template  
  inflating: /opt/elasticbeanstalk/config/private/nginx/nginx.template  
 extracting: /opt/elasticbeanstalk/config/private/restartcfn.sh  
  inflating: /opt/elasticbeanstalk/config/private/restartcloudwatchagent.sh  
  inflating: /opt/elasticbeanstalk/config/private/rsyslog.conf.template  
  inflating: /opt/elasticbeanstalk/config/private/ruby_common_env  
  inflating: /opt/elasticbeanstalk/config/private/sqsd/default.yaml.template  
  inflating: /opt/elasticbeanstalk/config/private/sqsd/sqsdversion.json  
  inflating: /opt/elasticbeanstalk/config/private/systemd-append.template  
  inflating: /opt/elasticbeanstalk/config/private/systemd.template  
  inflating: /opt/elasticbeanstalk/config/private/docker-log.conf  
  inflating: /opt/elasticbeanstalk/config/private/docker-rsyslog.conf  
  inflating: /opt/elasticbeanstalk/config/private/docker.logrotate.conf.template  
 extracting: /opt/elasticbeanstalk/config/private/dockerfile.template  
  inflating: /opt/elasticbeanstalk/config/private/eb-docker-log-sort  
  inflating: /opt/elasticbeanstalk/config/private/eb-docker-log-start  
  inflating: /opt/elasticbeanstalk/config/private/eb-docker-stop  
  inflating: /opt/elasticbeanstalk/tasks/bundlelogs.d/cfn-system.conf  
 extracting: /opt/elasticbeanstalk/tasks/bundlelogs.d/cloud-init-system.conf  
  inflating: /opt/elasticbeanstalk/tasks/bundlelogs.d/eb-app.conf  
 extracting: /opt/elasticbeanstalk/tasks/bundlelogs.d/eb-hooks.conf  
  inflating: /opt/elasticbeanstalk/tasks/bundlelogs.d/eb-system.conf  
 extracting: /opt/elasticbeanstalk/tasks/bundlelogs.d/rotate.conf  
  inflating: /opt/elasticbeanstalk/tasks/bundlelogs.d/system.conf  
 extracting: /opt/elasticbeanstalk/tasks/publishlogs.d/eb-app.conf  
  inflating: /opt/elasticbeanstalk/tasks/taillogs.d/eb-app.conf  
  inflating: /opt/elasticbeanstalk/tasks/taillogs.d/eb-engine.conf  
[2022-11-28T05:01:45.581Z] Successfully bootstrapped instance.
[2022-11-28T05:01:45.587Z] Sending signal 0 to CFN wait condition https://cloudformation-waitcondition-us-east-1.s3.amazonaws.com/arn%3Aaws%3Acloudformation%3Aus-east-1%3A344508626519%3Astack/awseb-e-bmin35wex8-stack/8bbbc250-6ed9-11ed-9b0a-0ab858f14c8d/AWSEBInstanceLaunchWaitHandle?X-Amz-Algorithm=AWS4-HMAC-SHA256&X-Amz-Date=20221128T050022Z&X-Amz-SignedHeaders=host&X-Amz-Expires=86399&X-Amz-Credential=AKIA6L7Q4OWT2GZYHG7N%2F20221128%2Fus-east-1%2Fs3%2Faws4_request&X-Amz-Signature=0214deab121fcc90043b7237d73c40c588b5a51249448ebeea2140daef650227
CloudFormation signaled successfully with %s.
[2022-11-28T05:01:45.954Z] Tailing /var/log/eb-commandprocessor.log

******************* eb-commandprocessor taillog *******************
***eb-commandprocessor is not available yet.***
******************* End of taillog *******************


[2022-11-28T05:01:45.963Z] Tailing /var/log/eb-activity.log

******************* eb-activity taillog *******************
***eb-activity is not available yet.***
******************* End of taillog *******************


[2022-11-28T05:01:45.977Z] Tailing /var/log/eb-tools.log

******************* eb-tools taillog *******************
***eb-tools is not available yet.***
******************* End of taillog *******************


[2022-11-28T05:01:45.988Z] Tailing /var/log/eb-version-deployment.log

******************* eb-version-deployment taillog *******************
***eb-version-deployment is not available yet.***
******************* End of taillog *******************


[2022-11-28T05:01:46.003Z] Tailing /var/log/cfn-init.log

******************* cfn-init taillog *******************
2022-11-28 05:01:35,861 [INFO] -----------------------Starting build-----------------------
2022-11-28 05:01:35,866 [INFO] Running configSets: _OnInstanceBoot
2022-11-28 05:01:35,869 [INFO] Running configSet _OnInstanceBoot
2022-11-28 05:01:35,871 [INFO] Running config AWSEBBaseConfig
2022-11-28 05:01:36,065 [INFO] Command clearbackupfiles succeeded
2022-11-28 05:01:36,069 [INFO] Running config AWSEBCfnHupEndpointOverride
2022-11-28 05:01:36,073 [INFO] Command clearbackupfiles succeeded
2022-11-28 05:01:36,074 [INFO] ConfigSets completed
2022-11-28 05:01:36,074 [INFO] -----------------------Build complete-----------------------
******************* End of taillog *******************


[2022-11-28T05:01:46.023Z] Tailing /var/log/cfn-hup.log

******************* cfn-hup taillog *******************
2022-11-28 05:01:41,452 [DEBUG] CloudFormation client initialized with endpoint https://cloudformation.us-east-1.amazonaws.com
2022-11-28 05:01:41,452 [DEBUG] SQS client initialized with endpoint https://sqs.us-east-1.amazonaws.com
2022-11-28 05:01:41,452 [DEBUG] CloudFormation client initialized with endpoint https://cloudformation.us-east-1.amazonaws.com
2022-11-28 05:01:41,452 [DEBUG] Enabled single threading mode.
2022-11-28 05:01:41,453 [DEBUG] Creating /var/lib/cfn-hup/data
2022-11-28 05:01:41,497 [INFO] No umask value specified in config file. Using the default one: 0o22
******************* End of taillog *******************


[2022-11-28T05:01:46.042Z] Completed EB Bootstrapping Script.
+ RESULT=0
+ [[ 0 -ne 0 ]]
+ exit 0
